# Preference setting overrides
gui_create_pref_key -category {Globals} -key {load_detail_for_funcov} -value_type {bool} -value {false}
gui_create_pref_category -category {schem_obj_name}
gui_create_pref_key -category {schem_obj_name} -key {show_cell_and_pin_with_symbol_name} -value_type {bool} -value {false}
gui_create_pref_key -category {schem_pin_hc} -key {textExtFont} -value_type {string} -value {Helvetica,10,-1,5,50,0,0,0,0,0}

# State setting overrides
gui_state_default_create -off -ini
gui_set_state_value -category Layout -key child_console_size_x -value 1279
gui_set_state_value -category Layout -key child_console_size_y -value 105
gui_set_state_value -category Layout -key child_data_size_x -value 105
gui_set_state_value -category Layout -key child_data_size_y -value 712
gui_set_state_value -category Layout -key child_hier_col3 -value {-1}
gui_set_state_value -category Layout -key child_hier_colpd -value 0
gui_set_state_value -category Layout -key child_hier_size_x -value 105
gui_set_state_value -category Layout -key child_hier_size_y -value 712
gui_set_state_value -category Layout -key child_list_down -value 165
gui_set_state_value -category Layout -key child_list_right -value 442
gui_set_state_value -category Layout -key child_schematic_docknewline -value false
gui_set_state_value -category Layout -key child_schematic_pos_x -value {-2}
gui_set_state_value -category Layout -key child_schematic_pos_y -value {-15}
gui_set_state_value -category Layout -key child_schematic_size_x -value 968
gui_set_state_value -category Layout -key child_schematic_size_y -value 650
gui_set_state_value -category Layout -key child_source_docknewline -value false
gui_set_state_value -category Layout -key child_source_pos_x -value {-2}
gui_set_state_value -category Layout -key child_source_pos_y -value {-15}
gui_set_state_value -category Layout -key child_source_size_x -value 1072
gui_set_state_value -category Layout -key child_source_size_y -value 707
gui_set_state_value -category Layout -key child_wave_colname -value 183
gui_set_state_value -category Layout -key child_wave_colvalue -value 183
gui_set_state_value -category Layout -key child_wave_left -value 370
gui_set_state_value -category Layout -key child_wave_right -value 904
gui_set_state_value -category Layout -key main_pos_x -value 1
gui_set_state_value -category Layout -key main_pos_y -value 38
gui_set_state_value -category Layout -key main_size_x -value 1280
gui_set_state_value -category Layout -key main_size_y -value 962
gui_set_state_value -category Layout -key stand_list_child_docknewline -value false
gui_set_state_value -category Layout -key stand_list_child_pos_x -value {-2}
gui_set_state_value -category Layout -key stand_list_child_pos_y -value {-15}
gui_set_state_value -category Layout -key stand_list_child_size_x -value 602
gui_set_state_value -category Layout -key stand_list_child_size_y -value 310
gui_set_state_value -category Layout -key stand_list_top_pos_y -value 139
gui_set_state_value -category Layout -key stand_list_top_size_x -value 1097
gui_set_state_value -category Layout -key stand_list_top_size_y -value 636
gui_set_state_value -category Layout -key stand_wave_child_docknewline -value false
gui_set_state_value -category Layout -key stand_wave_child_pos_x -value {-2}
gui_set_state_value -category Layout -key stand_wave_child_pos_y -value {-15}
gui_set_state_value -category Layout -key stand_wave_child_size_x -value 1284
gui_set_state_value -category Layout -key stand_wave_child_size_y -value 812
gui_set_state_value -category Layout -key stand_wave_top_pos_x -value 60
gui_set_state_value -category Layout -key stand_wave_top_pos_y -value 66
gui_set_state_value -category Layout -key stand_wave_top_size_x -value 1339
gui_set_state_value -category Layout -key stand_wave_top_size_y -value 990
gui_create_state_key -category FindDialog -key m_pMatchCase -value_type bool -value false
gui_create_state_key -category FindDialog -key m_pMatchWord -value_type bool -value false
gui_create_state_key -category FindDialog -key m_pUseCombo -value_type string -value {}
gui_create_state_key -category FindDialog -key m_pWrapAround -value_type bool -value true
gui_state_default_create -off

# Begin command logging
gui_sim_run Ucli -exe simv -args {-ucligui  } -dir .
gui_src_highlight_item -id Source.1 -lfrom 399 -idxfrom 7 -fileIdFrom 0 -lto 399 -idxto 11 -fileIdTo 0 -selection {test} -selectionId 0 -replace 0
gui_open_window Wave
gui_list_add -id Wave.1 -from Source.1 { test } -insertionbar
gui_wv_zoom_timerange -id  Wave.1 0 294
gui_sim_continue  
gui_zoom -window Wave.1 -full
gui_list_sort -id  Wave.1   {Name}
gui_list_select -id Wave.1 -selected  { {test.Monitor1[64:0]}   }
gui_list_select -id Wave.1 { {test.Monitor2[64:0]}  {test.Monitor3[64:0]}  {test.Monitor4[64:0]}  {test.Monitor5[64:0]}  {test.Monitor6[64:0]}  {test.Monitor7[64:0]}  {test.Monitor8[64:0]}  {test.Monitor9[64:0]}  {test.Monitor10[64:0]}  {test.Monitor11[64:0]}  {test.Monitor12[64:0]}  {test.Monitor13[64:0]}  {test.Monitor14[64:0]}  {test.Monitor15[64:0]}  {test.Monitor16[64:0]}  {test.Monitor17[64:0]}  {test.Monitor18[64:0]}   }
gui_list_set_selected_property -id Wave.1 -radix binary
gui_marker_move -id  Wave.1 C1 1
gui_marker_move -id  Wave.1 C1 8
gui_marker_move -id  Wave.1 C1 1
gui_close_window -window TopLevel.2
