06:00:58    16 -->                                                             [tcl] ucliGUI::connect -toolargs -ucligui -toolexe simv -pid 27534 -toolin /tmp/vcs_20171207110056_27533_jhazel..stdin -toolout /tmp/vcs_20171207110056_27533_jhazel..stdout  
06:00:58    17 -->                                                                 [tcl] set ucliGUI::state
06:00:59    18 -->                                                                     [tcl] gui_update_simulator_buttons
06:00:59    19 -->                                                                         [tcl] set ucliGUI::state
06:00:59    20 -->                                                                             [tcl] ucliCore::getToolPID
06:00:59    21 -->                                                                                 [tcl] synopsys::env hasTB
06:00:59    22 -->                                                                                     [tcl] trigger_hier_stack_context_switch 0
06:00:59    23 -->                                                                                         [tcl] synUtils::setDVEInitPhase 1
06:00:59    24 -->                                                                                             [tcl] gui_get_env SIMSETUP::SIMVPD
06:00:59    25 --> ...  [tcl] synopsys::dump -type VPD -file /home/jhazel/ASIC_Design/src/inter.vpd -locking
06:00:59    26 --> ...      [tcl] synopsys::dump -autoflush on -fid VPD0
06:00:59    27 --> ...          [tcl] set ::dve_fid VPD0
06:00:59    28 --> ...              [tcl] synUtils::setDVEInitPhase 0
06:00:59    29 --> ...                  [tcl] ucliCore::getToolPID
06:00:59    30 --> ...                      [tcl] synUtils::sendTool -active _icl_setToolSocket /tmp/smlnpeIig7j
06:00:59    31 --> ...                          [tcl] synUtils::sendTool -active {_icl_start_rpc -version "L-2016.06-1_Full64" -sync_file /tmp/vcs_dve_rpc.jhazel.27534}
06:01:00    32 --> ...                              [tcl] synUtils::sendTool -active {_icl_createSharedMemory /tmp/vcs_dve_general.jhazel.27534}
06:01:00    33 --> ...                                  [tcl] dveMisc::vbusExpand test
06:01:00    34 --> ...                                      [tcl] config endofsim noexit
06:01:00    35 --> ...                                          [tcl] config onfail enable all
06:01:00    36 --> ...                                              [tcl] config syscaddplainmembers
06:01:00    37 --> ...                                                  [tcl] config syscaddsourcenames
06:01:00    38 --> ...                                                      [tcl] config syscaddstructtypes
06:01:00    39 --> ...                                                          [tcl] synopsys::listing -disable
06:01:09    40 --> ...                                                              [tcl] synopsys::dump -add {test} -scope "." -depth 1 -fid VPD0
06:01:11    41 --> ...                                                                  [tcl] synopsys::run
06:01:11    42 --> ...                                                                      [tcl] set ucliGUI::state
06:01:11    43 --> ...                                                                          [tcl] set ucliGUI::state
06:01:11    44 --> ...                                                                              [tcl] set ucliGUI::state
06:01:11    45 --> ...                                                                                  [tcl] set ucliGUI::state
06:01:11    46 --> ...                                                                                      [tcl] catch {senv activeDomain} dveMisc::result 
06:01:11    47 --> ...                                                                                          [tcl] set dveMisc::result
06:01:11    48 --> ...                                                                                              [tcl] gui_update_simulator_buttons
06:01:20    49 --> ...                                                                                                  [tcl] ucliGUI::getSignalValues -scope test -radix {decimal } -list {{B[32:1]} }
06:01:20    50 --> ...  [tcl] ucliGUI::getSignalValues -scope test -radix {decimal } -list {{S[32:1]} }
06:01:25    51 --> ...      [tcl] ucliGUI::getSignalValues -scope test -radix {decimal } -list {{A[32:1]} }
06:01:31    52 --> ...          [tcl] ucliGUI::getSignalValues -scope test -radix {decimal } -list {{A[32:1]} }
06:01:31    53 --> ...              [tcl] ucliGUI::getSignalValues -scope test -radix {decimal } -list {{B[32:1]} }
06:01:31    54 --> ...                  [tcl] ucliGUI::getSignalValues -scope test -radix {decimal } -list {{S[32:1]} }
