Warning : License for product VCSRuntime_Net(725) will expire within 25 days, on: 31-dec-2017.
If you would like to temporarily disable this message, set 
 the VCS_LIC_EXPIRE_WARNING environment variable to the number of days
before expiration that you want this message to start (the minimum is 0).
Chronologic VCS simulator copyright 1991-2016
Contains Synopsys proprietary information.
Compiler version L-2016.06-1_Full64; Runtime version L-2016.06-1_Full64;  Dec  7 06:00 2017
VCD+ Writer L-2016.06-1_Full64 Copyright (c) 1991-2016 by Synopsys Inc.
The file '/home/jhazel/ASIC_Design/src/inter.vpd' was opened successfully.
0
1
25
1
4294967246
0
4294967295
1
$finish called from file "../src/N_Bit_Kogg_Stone_Subtractor.v", line 172.
$finish at simulation time                   14
Simulation complete, time is 14.
